<?xml version="1.0" encoding="UTF-8"?>
<!-- Generated by org.testng.reporters.JUnitReportReporter -->
<testsuite hostname="Daizys-MacBook-Pro.local" failures="0" tests="1" name="test.MyTest" time="5.309" errors="0" timestamp="2025-05-22T23:01:36 PDT" skipped="0">
  <testcase classname="test.MyTest" name="test" time="5.309"/>
</testsuite> <!-- test.MyTest -->
