<?xml version="1.0" encoding="UTF-8"?>
<!-- Generated by org.testng.reporters.JUnitReportReporter -->
<testsuite hostname="Daizys-MacBook-Pro.local" failures="0" tests="1" name="test.FormAuthentication" time="4.316" errors="0" timestamp="2025-05-23T16:41:02 PDT" skipped="0">
  <testcase classname="test.FormAuthentication" name="test" time="4.316"/>
</testsuite> <!-- test.FormAuthentication -->
