<?xml version="1.0" encoding="UTF-8"?>
<!-- Generated by org.testng.reporters.JUnitReportReporter -->
<testsuite hostname="Daizys-MacBook-Pro.local" failures="0" tests="1" name="test.Alerts" time="4.271" errors="0" timestamp="2025-05-24T16:12:28 PDT" skipped="0">
  <testcase classname="test.Alerts" name="test3" time="4.271"/>
</testsuite> <!-- test.Alerts -->
