<?xml version="1.0" encoding="UTF-8"?>
<!-- Generated by org.testng.reporters.JUnitReportReporter -->
<testsuite hostname="Daizys-MacBook-Pro.local" failures="0" tests="1" name="test.CheckUncheck" time="6.893" errors="0" timestamp="2025-05-23T19:52:55 PDT" skipped="0">
  <testcase classname="test.CheckUncheck" name="check" time="6.893"/>
</testsuite> <!-- test.CheckUncheck -->
