<?xml version="1.0" encoding="UTF-8"?>
<!-- Generated by org.testng.reporters.JUnitReportReporter -->
<testsuite hostname="Daizys-MacBook-Pro.local" failures="0" tests="1" name="test.MyTest" time="13.299" errors="0" timestamp="2025-05-23T15:53:23 PDT" skipped="0">
  <testcase classname="test.MyTest" name="test" time="13.299"/>
</testsuite> <!-- test.MyTest -->
